<?xml version="1.0" encoding="UTF-8"?>
<!-- Generated by org.testng.reporters.JUnitReportReporter -->
<testsuite skipped="0" hostname="Gol" name="com.saleschamp.testcases.ApplyForJob" tests="1" failures="0" timestamp="27 Oct 2021 09:04:02 GMT" time="220.695" errors="0">
  <testcase name="TC001_ApplyForRole" time="220.695" classname="com.saleschamp.testcases.ApplyForJob"/>
</testsuite> <!-- com.saleschamp.testcases.ApplyForJob -->
